# JRE version: Java(TM) SE Runtime Environment (17.0.10+11) (build 17.0.10+11-LTS-240)
# Java VM: Java HotSpot(TM) 64-Bit Server VM (17.0.10+11-LTS-240, mixed mode, sharing, tiered, compressed oops, compressed class ptrs, g1 gc, windows-amd64)
GC Precious Log:
 CPUs: 12 total, 12 available
 Memory: 32452M
 Large Page Support: Disabled
 NUMA Support: Disabled
 Compressed Oops: Enabled (32-bit)
 Heap Region Size: 1M
 Heap Min Capacity: 256M
 Heap Initial Capacity: 256M
 Heap Max Capacity: 512M
 Pre-touch: Disabled
 Parallel Workers: 10
 Concurrent Workers: 3
 Concurrent Refinement Workers: 10
 Periodic GC: Disabled
Heap:
 garbage-first heap   total 262144K, used 200277K [0x00000000e0000000, 0x0000000100000000)
  region size 1024K, 91 young (93184K), 7 survivors (7168K)
 Metaspace       used 71946K, committed 73920K, reserved 393216K
  class space    used 9537K, committed 10304K, reserved 327680K
GC Heap History (20 events):
Event: 635.009 GC heap after
{Heap after GC invocations=56 (full 0):
 garbage-first heap   total 262144K, used 122336K [0x00000000e0000000, 0x0000000100000000)
  region size 1024K, 11 young (11264K), 11 survivors (11264K)
 Metaspace       used 71501K, committed 73344K, reserved 393216K
  class space    used 9568K, committed 10368K, reserved 327680K
}
Event: 635.455 GC heap before
{Heap before GC invocations=57 (full 0):
 garbage-first heap   total 262144K, used 199136K [0x00000000e0000000, 0x0000000100000000)
  region size 1024K, 96 young (98304K), 11 survivors (11264K)
 Metaspace       used 71672K, committed 73408K, reserved 393216K
  class space    used 9575K, committed 10368K, reserved 327680K
}
Event: 635.463 GC heap after
{Heap after GC invocations=58 (full 0):
 garbage-first heap   total 262144K, used 122666K [0x00000000e0000000, 0x0000000100000000)
  region size 1024K, 12 young (12288K), 12 survivors (12288K)
 Metaspace       used 71672K, committed 73408K, reserved 393216K
  class space    used 9575K, committed 10368K, reserved 327680K
}
Event: 635.478 GC heap before
{Heap before GC invocations=58 (full 0):
 garbage-first heap   total 262144K, used 123690K [0x00000000e0000000, 0x0000000100000000)
  region size 1024K, 13 young (13312K), 12 survivors (12288K)
 Metaspace       used 71672K, committed 73408K, reserved 393216K
  class space    used 9575K, committed 10368K, reserved 327680K
}
Event: 635.484 GC heap after
{Heap after GC invocations=59 (full 0):
 garbage-first heap   total 262144K, used 110650K [0x00000000e0000000, 0x0000000100000000)
  region size 1024K, 2 young (2048K), 2 survivors (2048K)
 Metaspace       used 71672K, committed 73408K, reserved 393216K
  class space    used 9575K, committed 10368K, reserved 327680K
}
Event: 636.210 GC heap before
{Heap before GC invocations=59 (full 0):
 garbage-first heap   total 262144K, used 199738K [0x00000000e0000000, 0x0000000100000000)
  region size 1024K, 90 young (92160K), 2 survivors (2048K)
 Metaspace       used 73375K, committed 74624K, reserved 393216K
  class space    used 9772K, committed 10432K, reserved 327680K
}
Event: 636.215 GC heap after
{Heap after GC invocations=60 (full 0):
 garbage-first heap   total 262144K, used 117137K [0x00000000e0000000, 0x0000000100000000)
  region size 1024K, 8 young (8192K), 8 survivors (8192K)
 Metaspace       used 73375K, committed 74624K, reserved 393216K
  class space    used 9772K, committed 10432K, reserved 327680K
}
Event: 647.488 GC heap before
{Heap before GC invocations=60 (full 0):
 garbage-first heap   total 262144K, used 202129K [0x00000000e0000000, 0x0000000100000000)
  region size 1024K, 92 young (94208K), 8 survivors (8192K)
 Metaspace       used 73704K, committed 75008K, reserved 393216K
  class space    used 9782K, committed 10432K, reserved 327680K
}
Event: 647.495 GC heap after
{Heap after GC invocations=61 (full 0):
 garbage-first heap   total 262144K, used 125198K [0x00000000e0000000, 0x0000000100000000)
  region size 1024K, 9 young (9216K), 9 survivors (9216K)
 Metaspace       used 73704K, committed 75008K, reserved 393216K
  class space    used 9782K, committed 10432K, reserved 327680K
}
Event: 647.770 GC heap before
{Heap before GC invocations=61 (full 0):
 garbage-first heap   total 262144K, used 206094K [0x00000000e0000000, 0x0000000100000000)
  region size 1024K, 88 young (90112K), 9 survivors (9216K)
 Metaspace       used 73704K, committed 75008K, reserved 393216K
  class space    used 9782K, committed 10432K, reserved 327680K
}
Event: 647.778 GC heap after
{Heap after GC invocations=62 (full 0):
 garbage-first heap   total 262144K, used 133977K [0x00000000e0000000, 0x0000000100000000)
  region size 1024K, 9 young (9216K), 9 survivors (9216K)
 Metaspace       used 73704K, committed 75008K, reserved 393216K
  class space    used 9782K, committed 10432K, reserved 327680K
}
Event: 1042.662 GC heap before
{Heap before GC invocations=63 (full 0):
 garbage-first heap   total 262144K, used 202585K [0x00000000e0000000, 0x0000000100000000)
  region size 1024K, 82 young (83968K), 9 survivors (9216K)
 Metaspace       used 73778K, committed 75072K, reserved 393216K
  class space    used 9783K, committed 10432K, reserved 327680K
}
Event: 1042.666 GC heap after
{Heap after GC invocations=64 (full 0):
 garbage-first heap   total 262144K, used 127710K [0x00000000e0000000, 0x0000000100000000)
  region size 1024K, 4 young (4096K), 4 survivors (4096K)
 Metaspace       used 73778K, committed 75072K, reserved 393216K
  class space    used 9783K, committed 10432K, reserved 327680K
}
Event: 1042.729 GC heap before
{Heap before GC invocations=64 (full 0):
 garbage-first heap   total 262144K, used 134878K [0x00000000e0000000, 0x0000000100000000)
  region size 1024K, 12 young (12288K), 4 survivors (4096K)
 Metaspace       used 73778K, committed 75072K, reserved 393216K
  class space    used 9783K, committed 10432K, reserved 327680K
}
Event: 1042.740 GC heap after
{Heap after GC invocations=65 (full 0):
 garbage-first heap   total 262144K, used 112853K [0x00000000e0000000, 0x0000000100000000)
  region size 1024K, 2 young (2048K), 2 survivors (2048K)
 Metaspace       used 73778K, committed 75072K, reserved 393216K
  class space    used 9783K, committed 10432K, reserved 327680K
}
Event: 1042.835 GC heap before
{Heap before GC invocations=65 (full 0):
 garbage-first heap   total 262144K, used 123093K [0x00000000e0000000, 0x0000000100000000)
  region size 1024K, 12 young (12288K), 2 survivors (2048K)
 Metaspace       used 73778K, committed 75072K, reserved 393216K
  class space    used 9783K, committed 10432K, reserved 327680K
}
Event: 1042.840 GC heap after
{Heap after GC invocations=66 (full 0):
 garbage-first heap   total 262144K, used 111379K [0x00000000e0000000, 0x0000000100000000)
  region size 1024K, 2 young (2048K), 2 survivors (2048K)
 Metaspace       used 73778K, committed 75072K, reserved 393216K
  class space    used 9783K, committed 10432K, reserved 327680K
}
Event: 1043.190 GC heap before
{Heap before GC invocations=66 (full 0):
 garbage-first heap   total 262144K, used 207635K [0x00000000e0000000, 0x0000000100000000)
  region size 1024K, 96 young (98304K), 2 survivors (2048K)
 Metaspace       used 73782K, committed 75136K, reserved 393216K
  class space    used 9783K, committed 10432K, reserved 327680K
}
Event: 1043.197 GC heap after
{Heap after GC invocations=67 (full 0):
 garbage-first heap   total 262144K, used 123477K [0x00000000e0000000, 0x0000000100000000)
  region size 1024K, 12 young (12288K), 12 survivors (12288K)
 Metaspace       used 73782K, committed 75136K, reserved 393216K
  class space    used 9783K, committed 10432K, reserved 327680K
}
Event: 1124.066 GC heap before
{Heap before GC invocations=68 (full 0):
 garbage-first heap   total 262144K, used 200277K [0x00000000e0000000, 0x0000000100000000)
  region size 1024K, 96 young (98304K), 12 survivors (12288K)
 Metaspace       used 71946K, committed 73920K, reserved 393216K
  class space    used 9537K, committed 10304K, reserved 327680K
}

